<?xml version="1.0" encoding="UTF-8"?>
<!-- Generated by org.testng.reporters.JUnitReportReporter -->
<testsuite hostname="DESKTOP-PIJCOC8" failures="0" tests="1" name="com.crm.orgTest.OrgTest" time="22.540" errors="0" timestamp="2024-12-24T14:29:49 IST" skipped="0">
  <testcase classname="com.crm.orgTest.OrgTest" name="createOrgTest" time="22.540"/>
  <system-out/>
</testsuite> <!-- com.crm.orgTest.OrgTest -->
