<?xml version="1.0" encoding="UTF-8"?>
<!-- Generated by org.testng.reporters.JUnitReportReporter -->
<testsuite hostname="DESKTOP-PIJCOC8" failures="0" tests="1" name="com.crm.contactTest.ContactTest" time="17.266" errors="0" timestamp="2024-12-24T13:56:30 IST" skipped="0">
  <testcase classname="com.crm.contactTest.ContactTest" name="createContactTest" time="17.266"/>
  <system-out/>
</testsuite> <!-- com.crm.contactTest.ContactTest -->
