<?xml version="1.0" encoding="UTF-8"?>
<!-- Generated by org.testng.reporters.JUnitReportReporter -->
<testsuite hostname="DESKTOP-PIJCOC8" failures="0" tests="3" name="com.crm.contactTest.CreateContactTest" time="149.432" errors="0" timestamp="2024-12-24T11:57:19 IST" skipped="0">
  <testcase classname="com.crm.contactTest.CreateContactTest" name="createContactWithOrgTest" time="44.080"/>
  <system-out/>
  <testcase classname="com.crm.contactTest.CreateContactTest" name="createContactWithSupportDateTest" time="48.094"/>
  <system-out/>
  <testcase classname="com.crm.contactTest.CreateContactTest" name="createContactTest" time="57.258"/>
  <system-out/>
</testsuite> <!-- com.crm.contactTest.CreateContactTest -->
